2021-04-23 12:45:07,679 ERROR (com.tests.OhrmAddEmployee:createClassConfig -(Line Number-54)) - session not created: This version of ChromeDriver only supports Chrome version 85
Build info: version: '3.141.59', revision: 'e82be7d358', time: '2018-11-14T08:17:03'
System info: host: 'SUDHAKARWIN', ip: '192.168.29.171', os.name: 'Windows 10', os.arch: 'amd64', os.version: '10.0', java.version: '11.0.9'
Driver info: driver.version: ChromeDriver
remote stacktrace: Backtrace:
	Ordinal0 [0x0112D383+3134339]
	Ordinal0 [0x0101A171+2007409]
	Ordinal0 [0x00EBAEE8+569064]
	Ordinal0 [0x00E4139F+70559]
	Ordinal0 [0x00E3CC63+52323]
	Ordinal0 [0x00E60DFC+200188]
	Ordinal0 [0x00E60C1D+199709]
	Ordinal0 [0x00E5EB0B+191243]
	Ordinal0 [0x00E42E77+77431]
	Ordinal0 [0x00E43E3E+81470]
	Ordinal0 [0x00E43DC9+81353]
	Ordinal0 [0x01030CD9+2100441]
	GetHandleVerifier [0x0129B75A+1396954]
	GetHandleVerifier [0x0129B3D9+1396057]
	GetHandleVerifier [0x012A7126+1444518]
	GetHandleVerifier [0x0129BCE8+1398376]
	Ordinal0 [0x01027F51+2064209]
	Ordinal0 [0x010322EB+2106091]
	Ordinal0 [0x01032411+2106385]
	Ordinal0 [0x010449C4+2181572]
	BaseThreadInitThunk [0x7740FA29+25]
	RtlGetAppContainerNamedObjectPath [0x77A67A4E+286]
	RtlGetAppContainerNamedObjectPath [0x77A67A1E+238]

org.openqa.selenium.SessionNotCreatedException: session not created: This version of ChromeDriver only supports Chrome version 85
Build info: version: '3.141.59', revision: 'e82be7d358', time: '2018-11-14T08:17:03'
System info: host: 'SUDHAKARWIN', ip: '192.168.29.171', os.name: 'Windows 10', os.arch: 'amd64', os.version: '10.0', java.version: '11.0.9'
Driver info: driver.version: ChromeDriver
remote stacktrace: Backtrace:
	Ordinal0 [0x0112D383+3134339]
	Ordinal0 [0x0101A171+2007409]
	Ordinal0 [0x00EBAEE8+569064]
	Ordinal0 [0x00E4139F+70559]
	Ordinal0 [0x00E3CC63+52323]
	Ordinal0 [0x00E60DFC+200188]
	Ordinal0 [0x00E60C1D+199709]
	Ordinal0 [0x00E5EB0B+191243]
	Ordinal0 [0x00E42E77+77431]
	Ordinal0 [0x00E43E3E+81470]
	Ordinal0 [0x00E43DC9+81353]
	Ordinal0 [0x01030CD9+2100441]
	GetHandleVerifier [0x0129B75A+1396954]
	GetHandleVerifier [0x0129B3D9+1396057]
	GetHandleVerifier [0x012A7126+1444518]
	GetHandleVerifier [0x0129BCE8+1398376]
	Ordinal0 [0x01027F51+2064209]
	Ordinal0 [0x010322EB+2106091]
	Ordinal0 [0x01032411+2106385]
	Ordinal0 [0x010449C4+2181572]
	BaseThreadInitThunk [0x7740FA29+25]
	RtlGetAppContainerNamedObjectPath [0x77A67A4E+286]
	RtlGetAppContainerNamedObjectPath [0x77A67A1E+238]

	at java.base/jdk.internal.reflect.NativeConstructorAccessorImpl.newInstance0(Native Method)
	at java.base/jdk.internal.reflect.NativeConstructorAccessorImpl.newInstance(NativeConstructorAccessorImpl.java:62)
	at java.base/jdk.internal.reflect.DelegatingConstructorAccessorImpl.newInstance(DelegatingConstructorAccessorImpl.java:45)
	at java.base/java.lang.reflect.Constructor.newInstance(Constructor.java:490)
	at org.openqa.selenium.remote.W3CHandshakeResponse.lambda$errorHandler$0(W3CHandshakeResponse.java:62)
	at org.openqa.selenium.remote.HandshakeResponse.lambda$getResponseFunction$0(HandshakeResponse.java:30)
	at org.openqa.selenium.remote.ProtocolHandshake.lambda$createSession$0(ProtocolHandshake.java:126)
	at java.base/java.util.stream.ReferencePipeline$3$1.accept(ReferencePipeline.java:195)
	at java.base/java.util.Spliterators$ArraySpliterator.tryAdvance(Spliterators.java:958)
	at java.base/java.util.stream.ReferencePipeline.forEachWithCancel(ReferencePipeline.java:127)
	at java.base/java.util.stream.AbstractPipeline.copyIntoWithCancel(AbstractPipeline.java:502)
	at java.base/java.util.stream.AbstractPipeline.copyInto(AbstractPipeline.java:488)
	at java.base/java.util.stream.AbstractPipeline.wrapAndCopyInto(AbstractPipeline.java:474)
	at java.base/java.util.stream.FindOps$FindOp.evaluateSequential(FindOps.java:150)
	at java.base/java.util.stream.AbstractPipeline.evaluate(AbstractPipeline.java:234)
	at java.base/java.util.stream.ReferencePipeline.findFirst(ReferencePipeline.java:543)
	at org.openqa.selenium.remote.ProtocolHandshake.createSession(ProtocolHandshake.java:128)
	at org.openqa.selenium.remote.ProtocolHandshake.createSession(ProtocolHandshake.java:74)
	at org.openqa.selenium.remote.HttpCommandExecutor.execute(HttpCommandExecutor.java:136)
	at org.openqa.selenium.remote.service.DriverCommandExecutor.execute(DriverCommandExecutor.java:83)
	at org.openqa.selenium.remote.RemoteWebDriver.execute(RemoteWebDriver.java:552)
	at org.openqa.selenium.remote.RemoteWebDriver.startSession(RemoteWebDriver.java:213)
	at org.openqa.selenium.remote.RemoteWebDriver.<init>(RemoteWebDriver.java:131)
	at org.openqa.selenium.chrome.ChromeDriver.<init>(ChromeDriver.java:181)
	at org.openqa.selenium.chrome.ChromeDriver.<init>(ChromeDriver.java:168)
	at org.openqa.selenium.chrome.ChromeDriver.<init>(ChromeDriver.java:157)
	at com.wd.util.DriverFactory.getDriverFor(DriverFactory.java:26)
	at com.base.OhrmBase.OpenApplication(OhrmBase.java:22)
	at com.tests.OhrmTestBase.createClassConfig(OhrmTestBase.java:52)
	at java.base/jdk.internal.reflect.NativeMethodAccessorImpl.invoke0(Native Method)
	at java.base/jdk.internal.reflect.NativeMethodAccessorImpl.invoke(NativeMethodAccessorImpl.java:62)
	at java.base/jdk.internal.reflect.DelegatingMethodAccessorImpl.invoke(DelegatingMethodAccessorImpl.java:43)
	at java.base/java.lang.reflect.Method.invoke(Method.java:566)
	at org.testng.internal.MethodInvocationHelper.invokeMethod(MethodInvocationHelper.java:124)
	at org.testng.internal.MethodInvocationHelper.invokeMethodConsideringTimeout(MethodInvocationHelper.java:59)
	at org.testng.internal.Invoker.invokeConfigurationMethod(Invoker.java:458)
	at org.testng.internal.Invoker.invokeConfigurations(Invoker.java:222)
	at org.testng.internal.Invoker.invokeConfigurations(Invoker.java:142)
	at org.testng.internal.TestMethodWorker.invokeBeforeClassMethods(TestMethodWorker.java:168)
	at org.testng.internal.TestMethodWorker.run(TestMethodWorker.java:105)
	at org.testng.TestRunner.privateRun(TestRunner.java:648)
	at org.testng.TestRunner.run(TestRunner.java:505)
	at org.testng.SuiteRunner.runTest(SuiteRunner.java:455)
	at org.testng.SuiteRunner.access$000(SuiteRunner.java:40)
	at org.testng.SuiteRunner$SuiteWorker.run(SuiteRunner.java:489)
	at org.testng.internal.thread.ThreadUtil$1.call(ThreadUtil.java:52)
	at java.base/java.util.concurrent.FutureTask.run(FutureTask.java:264)
	at java.base/java.util.concurrent.ThreadPoolExecutor.runWorker(ThreadPoolExecutor.java:1128)
	at java.base/java.util.concurrent.ThreadPoolExecutor$Worker.run(ThreadPoolExecutor.java:628)
	at java.base/java.lang.Thread.run(Thread.java:834)
2021-04-23 12:45:07,717  INFO (com.wd.core.SeleniumWrapper:enterText -(Line Number-35)) - Failed to enter text on By.id: txtUsername
2021-04-23 12:47:19,763 ERROR (com.tests.OhrmAddEmployee:createClassConfig -(Line Number-54)) - session not created: This version of ChromeDriver only supports Chrome version 85
Build info: version: '3.141.59', revision: 'e82be7d358', time: '2018-11-14T08:17:03'
System info: host: 'SUDHAKARWIN', ip: '192.168.29.171', os.name: 'Windows 10', os.arch: 'amd64', os.version: '10.0', java.version: '11.0.9'
Driver info: driver.version: ChromeDriver
remote stacktrace: Backtrace:
	Ordinal0 [0x0112D383+3134339]
	Ordinal0 [0x0101A171+2007409]
	Ordinal0 [0x00EBAEE8+569064]
	Ordinal0 [0x00E4139F+70559]
	Ordinal0 [0x00E3CC63+52323]
	Ordinal0 [0x00E60DFC+200188]
	Ordinal0 [0x00E60C1D+199709]
	Ordinal0 [0x00E5EB0B+191243]
	Ordinal0 [0x00E42E77+77431]
	Ordinal0 [0x00E43E3E+81470]
	Ordinal0 [0x00E43DC9+81353]
	Ordinal0 [0x01030CD9+2100441]
	GetHandleVerifier [0x0129B75A+1396954]
	GetHandleVerifier [0x0129B3D9+1396057]
	GetHandleVerifier [0x012A7126+1444518]
	GetHandleVerifier [0x0129BCE8+1398376]
	Ordinal0 [0x01027F51+2064209]
	Ordinal0 [0x010322EB+2106091]
	Ordinal0 [0x01032411+2106385]
	Ordinal0 [0x010449C4+2181572]
	BaseThreadInitThunk [0x7740FA29+25]
	RtlGetAppContainerNamedObjectPath [0x77A67A4E+286]
	RtlGetAppContainerNamedObjectPath [0x77A67A1E+238]

org.openqa.selenium.SessionNotCreatedException: session not created: This version of ChromeDriver only supports Chrome version 85
Build info: version: '3.141.59', revision: 'e82be7d358', time: '2018-11-14T08:17:03'
System info: host: 'SUDHAKARWIN', ip: '192.168.29.171', os.name: 'Windows 10', os.arch: 'amd64', os.version: '10.0', java.version: '11.0.9'
Driver info: driver.version: ChromeDriver
remote stacktrace: Backtrace:
	Ordinal0 [0x0112D383+3134339]
	Ordinal0 [0x0101A171+2007409]
	Ordinal0 [0x00EBAEE8+569064]
	Ordinal0 [0x00E4139F+70559]
	Ordinal0 [0x00E3CC63+52323]
	Ordinal0 [0x00E60DFC+200188]
	Ordinal0 [0x00E60C1D+199709]
	Ordinal0 [0x00E5EB0B+191243]
	Ordinal0 [0x00E42E77+77431]
	Ordinal0 [0x00E43E3E+81470]
	Ordinal0 [0x00E43DC9+81353]
	Ordinal0 [0x01030CD9+2100441]
	GetHandleVerifier [0x0129B75A+1396954]
	GetHandleVerifier [0x0129B3D9+1396057]
	GetHandleVerifier [0x012A7126+1444518]
	GetHandleVerifier [0x0129BCE8+1398376]
	Ordinal0 [0x01027F51+2064209]
	Ordinal0 [0x010322EB+2106091]
	Ordinal0 [0x01032411+2106385]
	Ordinal0 [0x010449C4+2181572]
	BaseThreadInitThunk [0x7740FA29+25]
	RtlGetAppContainerNamedObjectPath [0x77A67A4E+286]
	RtlGetAppContainerNamedObjectPath [0x77A67A1E+238]

	at java.base/jdk.internal.reflect.NativeConstructorAccessorImpl.newInstance0(Native Method)
	at java.base/jdk.internal.reflect.NativeConstructorAccessorImpl.newInstance(NativeConstructorAccessorImpl.java:62)
	at java.base/jdk.internal.reflect.DelegatingConstructorAccessorImpl.newInstance(DelegatingConstructorAccessorImpl.java:45)
	at java.base/java.lang.reflect.Constructor.newInstance(Constructor.java:490)
	at org.openqa.selenium.remote.W3CHandshakeResponse.lambda$errorHandler$0(W3CHandshakeResponse.java:62)
	at org.openqa.selenium.remote.HandshakeResponse.lambda$getResponseFunction$0(HandshakeResponse.java:30)
	at org.openqa.selenium.remote.ProtocolHandshake.lambda$createSession$0(ProtocolHandshake.java:126)
	at java.base/java.util.stream.ReferencePipeline$3$1.accept(ReferencePipeline.java:195)
	at java.base/java.util.Spliterators$ArraySpliterator.tryAdvance(Spliterators.java:958)
	at java.base/java.util.stream.ReferencePipeline.forEachWithCancel(ReferencePipeline.java:127)
	at java.base/java.util.stream.AbstractPipeline.copyIntoWithCancel(AbstractPipeline.java:502)
	at java.base/java.util.stream.AbstractPipeline.copyInto(AbstractPipeline.java:488)
	at java.base/java.util.stream.AbstractPipeline.wrapAndCopyInto(AbstractPipeline.java:474)
	at java.base/java.util.stream.FindOps$FindOp.evaluateSequential(FindOps.java:150)
	at java.base/java.util.stream.AbstractPipeline.evaluate(AbstractPipeline.java:234)
	at java.base/java.util.stream.ReferencePipeline.findFirst(ReferencePipeline.java:543)
	at org.openqa.selenium.remote.ProtocolHandshake.createSession(ProtocolHandshake.java:128)
	at org.openqa.selenium.remote.ProtocolHandshake.createSession(ProtocolHandshake.java:74)
	at org.openqa.selenium.remote.HttpCommandExecutor.execute(HttpCommandExecutor.java:136)
	at org.openqa.selenium.remote.service.DriverCommandExecutor.execute(DriverCommandExecutor.java:83)
	at org.openqa.selenium.remote.RemoteWebDriver.execute(RemoteWebDriver.java:552)
	at org.openqa.selenium.remote.RemoteWebDriver.startSession(RemoteWebDriver.java:213)
	at org.openqa.selenium.remote.RemoteWebDriver.<init>(RemoteWebDriver.java:131)
	at org.openqa.selenium.chrome.ChromeDriver.<init>(ChromeDriver.java:181)
	at org.openqa.selenium.chrome.ChromeDriver.<init>(ChromeDriver.java:168)
	at org.openqa.selenium.chrome.ChromeDriver.<init>(ChromeDriver.java:157)
	at com.wd.util.DriverFactory.getDriverFor(DriverFactory.java:26)
	at com.base.OhrmBase.OpenApplication(OhrmBase.java:22)
	at com.tests.OhrmTestBase.createClassConfig(OhrmTestBase.java:52)
	at java.base/jdk.internal.reflect.NativeMethodAccessorImpl.invoke0(Native Method)
	at java.base/jdk.internal.reflect.NativeMethodAccessorImpl.invoke(NativeMethodAccessorImpl.java:62)
	at java.base/jdk.internal.reflect.DelegatingMethodAccessorImpl.invoke(DelegatingMethodAccessorImpl.java:43)
	at java.base/java.lang.reflect.Method.invoke(Method.java:566)
	at org.testng.internal.MethodInvocationHelper.invokeMethod(MethodInvocationHelper.java:124)
	at org.testng.internal.MethodInvocationHelper.invokeMethodConsideringTimeout(MethodInvocationHelper.java:59)
	at org.testng.internal.Invoker.invokeConfigurationMethod(Invoker.java:458)
	at org.testng.internal.Invoker.invokeConfigurations(Invoker.java:222)
	at org.testng.internal.Invoker.invokeConfigurations(Invoker.java:142)
	at org.testng.internal.TestMethodWorker.invokeBeforeClassMethods(TestMethodWorker.java:168)
	at org.testng.internal.TestMethodWorker.run(TestMethodWorker.java:105)
	at org.testng.TestRunner.privateRun(TestRunner.java:648)
	at org.testng.TestRunner.run(TestRunner.java:505)
	at org.testng.SuiteRunner.runTest(SuiteRunner.java:455)
	at org.testng.SuiteRunner.access$000(SuiteRunner.java:40)
	at org.testng.SuiteRunner$SuiteWorker.run(SuiteRunner.java:489)
	at org.testng.internal.thread.ThreadUtil$1.call(ThreadUtil.java:52)
	at java.base/java.util.concurrent.FutureTask.run(FutureTask.java:264)
	at java.base/java.util.concurrent.ThreadPoolExecutor.runWorker(ThreadPoolExecutor.java:1128)
	at java.base/java.util.concurrent.ThreadPoolExecutor$Worker.run(ThreadPoolExecutor.java:628)
	at java.base/java.lang.Thread.run(Thread.java:834)
2021-04-23 12:47:19,842  INFO (com.wd.core.SeleniumWrapper:enterText -(Line Number-35)) - Failed to enter text on By.id: txtUsername
2021-04-23 12:50:54,426  INFO (com.wd.core.SeleniumWrapper:enterText -(Line Number-32)) - admin entered on By.id: txtUsername
2021-04-23 12:50:54,658  INFO (com.wd.core.SeleniumWrapper:enterText -(Line Number-32)) - admin123 entered on By.name: txtPassword
2021-04-23 12:50:59,018  INFO (com.wd.core.SeleniumWrapper:click -(Line Number-19)) - clicked on By.id: btnLogin
2021-04-23 12:51:00,914  INFO (com.wd.core.SeleniumWrapper:click -(Line Number-19)) - clicked on By.linkText: PIM
2021-04-23 12:51:01,812  INFO (com.wd.core.SeleniumWrapper:click -(Line Number-19)) - clicked on By.partialLinkText: Add Emp
2021-04-23 12:51:02,050  INFO (com.wd.core.SeleniumWrapper:enterText -(Line Number-32)) - selenium entered on By.id: firstName
2021-04-23 12:51:02,237  INFO (com.wd.core.SeleniumWrapper:enterText -(Line Number-32)) - hq entered on By.id: lastName
2021-04-23 12:51:04,516  INFO (com.wd.core.SeleniumWrapper:click -(Line Number-19)) - clicked on By.xpath: //input[@value='Save']
